[debug] [2026-05-08T06:05:26.197Z] ----------------------------------------------------------------------
[debug] [2026-05-08T06:05:26.199Z] Command:       /opt/homebrew/Cellar/node/25.9.0_3/bin/node /opt/homebrew/bin/firebase init
[debug] [2026-05-08T06:05:26.199Z] CLI Version:   15.17.0
[debug] [2026-05-08T06:05:26.199Z] Platform:      darwin
[debug] [2026-05-08T06:05:26.199Z] Node Version:  v25.9.0
[debug] [2026-05-08T06:05:26.199Z] Time:          Fri May 08 2026 11:35:26 GMT+0530 (India Standard Time)
[debug] [2026-05-08T06:05:26.199Z] ----------------------------------------------------------------------
[debug] 
[info] 
     ######## #### ########  ######## ########     ###     ######  ########
     ##        ##  ##     ## ##       ##     ##  ##   ##  ##       ##
     ######    ##  ########  ######   ########  #########  ######  ######
     ##        ##  ##    ##  ##       ##     ## ##     ##       ## ##
     ##       #### ##     ## ######## ########  ##     ##  ######  ########

You're about to initialize a Firebase project in this directory:

  /Users/AEJ6KOR/Desktop/Rajesh/Ask us global solutions/askus-tms-complete/frontend

[debug] [2026-05-08T06:06:02.664Z] ExitPromptError: User force closed the prompt with SIGINT
    at Interface.sigint (/opt/homebrew/lib/node_modules/firebase-tools/node_modules/@inquirer/core/dist/commonjs/lib/create-prompt.js:101:37)
    at Interface.emit (node:events:509:20)
    at [_ttyWrite] [as _ttyWrite] (node:internal/readline/interface:1327:18)
    at ReadStream.onkeypress (node:internal/readline/interface:284:20)
    at ReadStream.emit (node:events:521:24)
    at emitKeys (node:internal/readline/utils:371:14)
    at emitKeys.next (<anonymous>)
    at ReadStream.onData (node:internal/readline/emitKeypressEvents:64:36)
    at ReadStream.emit (node:events:509:20)
    at addChunk (node:internal/streams/readable:564:12)
[error] 
[error] Error: An unexpected error has occurred.
